<?xml version="1.0" encoding="UTF-8"?>
<testng-results ignored="0" total="1" passed="1" failed="0" skipped="0">
  <reporter-output>
  </reporter-output>
  <suite started-at="2024-08-03T22:33:26 IST" name="Default suite" finished-at="2024-08-03T22:33:33 IST" duration-ms="6792">
    <groups>
    </groups>
    <test started-at="2024-08-03T22:33:26 IST" name="Default test" finished-at="2024-08-03T22:33:33 IST" duration-ms="6792">
      <class name="PetstoreSwagger.GetPetbyId">
        <test-method signature="getPet()[pri:0, instance:PetstoreSwagger.GetPetbyId@1622f1b]" started-at="2024-08-03T22:33:27 IST" name="getPet" finished-at="2024-08-03T22:33:33 IST" duration-ms="6662" status="PASS">
          <reporter-output>
          </reporter-output>
        </test-method> <!-- getPet -->
      </class> <!-- PetstoreSwagger.GetPetbyId -->
    </test> <!-- Default test -->
  </suite> <!-- Default suite -->
</testng-results>
